     Reading input from Al_0.in

     Current dimensions of program PWSCF are:
     Max number of different atomic species (ntypx) = 10
     Max number of k-points (npk) =  40000
     Max angular momentum in pseudopotentials (lmaxx) =  3

     Subspace diagonalization in iterative solution of the eigenvalue problem:
     a serial algorithm will be used

     Message from routine setup:
     no reason to have ecutrho>4*ecutwfc

   Info: using nr1, nr2, nr3 values from input
     Found symmetry operation: I + (  0.0000  0.0000 -0.5000)
     This is a supercell, fractional translations are disabled

     Parallelization info
     --------------------
     sticks:   dense  smooth     PW     G-vecs:    dense   smooth      PW
     Min         402     279     93                15074     8798    1579
     Max         403     280     94                15079     8805    1580
     Sum         805     559    187                30153    17603    3159


     Parallelization info Large
     --------------------
     sticks:   dense     G-vecs:    dense
     Min         402                15074
     Max         403                15079
     Sum         805                30153

 ref_atm           1
   0.0000000000000000        0.0000000000000000       0.50000000000000000     
         -18         -18         -54


     bravais-lattice index     =            0
     lattice parameter (alat)  =       7.6458  a.u.
     unit-cell volume          =     223.4829 (a.u.)^3
     number of atoms/cell      =            2
     number of atomic types    =            1


     Large bravais-lattice index     =            0
     Large lattice parameter (alat)  =       7.6458  a.u.
     Large unit-cell volume          =     223.4829 (a.u.)^3
     number of electrons       =         6.00
     number of Kohn-Sham states=            7
     kinetic-energy cutoff     =      70.0000  Ry
     charge density cutoff     =     400.0000  Ry
     convergence threshold     =      1.0E-09
     mixing beta               =       0.7000
     number of iterations used =            8  plain     mixing
     Exchange-correlation      =  SLA  PW   PBE  PBE ( 1  4  3  4 0)

     ===== FROZEN DENSITY EMBEDDING METHOD ======================
     Number of fragments  :   1
     Total number of atoms:   2
     Current fragment     :   1
     Initial FDE Density  : Atomic
     Kinetic energy funct.: LC94      
     Fragment Charge      :  0.00
     Total    Charge      :  0.00
     Fragment Spin        : Closed Shell
     Total    Spin        : Closed Shell
     Fragment #   1:
         1           Al  tau(   1) = (   0.0000000   0.0000000   0.0000000  )
         2           Al  tau(   2) = (   0.0000000   0.5000000   0.5000000  )
     ===== FROZEN DENSITY EMBEDDING METHOD ======================


     celldm(1)=   7.645832  celldm(2)=   0.000000  celldm(3)=   0.000000
     celldm(4)=   0.000000  celldm(5)=   0.000000  celldm(6)=   0.000000

     crystal axes: (cart. coord. in units of alat)
               a(1) = (   0.500000   0.500000   0.000000 )  
               a(2) = (   0.500000   0.000000   0.500000 )  
               a(3) = (   0.000000   1.000000   1.000000 )  

     reciprocal axes: (cart. coord. in units 2 pi/alat)
               b(1) = (  1.000000  1.000000 -1.000000 )  
               b(2) = (  1.000000 -1.000000  1.000000 )  
               b(3) = ( -0.500000  0.500000  0.500000 )  

     Large crystal axes: (cart. coord. in units of alat)
               a(1) = (   0.500000   0.500000   0.000000 )  
               a(2) = (   0.500000   0.000000   0.500000 )  
               a(3) = (   0.000000   1.000000   1.000000 )  

     Large reciprocal axes: (cart. coord. in units 2 pi/alat)
               b(1) = (  1.000000  1.000000 -1.000000 )  
               b(2) = (  1.000000 -1.000000  1.000000 )  
               b(3) = ( -0.500000  0.500000  0.500000 )  


     PseudoPot. # 1 for Al read from file:
     ./Al.pbe-rrkj.UPF
     MD5 check sum: b5320f8fdc07ab0d74f109f4aa58256b
     Pseudo is Norm-conserving, Zval =  3.0
     Generated by new atomic code, or converted to UPF format
     Using radial grid of  879 points,  4 beta functions with: 
                l(1) =   0
                l(2) =   0
                l(3) =   1
                l(4) =   1

     atomic species   valence    mass     pseudopotential
        Al             3.00    26.00000     Al( 1.00)

     No symmetry found



   Cartesian axes

     site n.     atom                  positions (alat units)
         1           Al  tau(   1) = (   0.0000000   0.0000000   0.0000000  )
         2           Al  tau(   2) = (   0.0000000   0.5000000   0.5000000  )

     number of k points=   260  gaussian smearing, width (Ry)=  0.0100

     Number of k-points >= 100: set verbosity='high' to print them.

     Dense  grid:    30153 G-vectors     FFT dimensions: (  36,  36,  72)

     Smooth grid:    17603 G-vectors     FFT dimensions: (  30,  30,  60)

     Large  grid:    30153 G-vectors     FFT dimensions: (  36,  36,  72)

     Largest allocated arrays     est. size (Mb)     dimensions
        Kohn-Sham Wavefunctions         0.12 Mb     (    1146,    7)
        NL pseudopotentials             0.28 Mb     (    1146,   16)
        Each V/rho on FFT grid          0.71 Mb     (   46656)
        Each V/rho on Large FFT grid       0.71 Mb     (   46656)
        Each G-vector array             0.12 Mb     (   15079)
        G-vector shells                 0.00 Mb     (     496)
        Each G-vector array (Large)       0.12 Mb     (   15079)
        G-vector shells (Large)           0.00 Mb     (     496)
     Largest temporary arrays     est. size (Mb)     dimensions
        Auxiliary wavefunctions         0.49 Mb     (    1146,   28)
        Each subspace H/S matrix        0.01 Mb     (      28,   28)
        Each <psi_i|beta_j> matrix      0.00 Mb     (      16,    7)
        Arrays for rho mixing           5.70 Mb     (   46656,    8)

     Initial potential from superposition of free atoms

     starting charge    5.99482, renormalised to    6.00000
     Starting wfc are    8 randomized atomic wfcs

     total cpu time spent up to now is        2.8 secs

     Self-consistent Calculation

     iteration #  1     ecut=    70.00 Ry     beta=0.70
     Davidson diagonalization with overlap
     ethr =  1.00E-02,  avg # of iterations =  3.3

     Threshold (ethr) on eigenvalues was too large:
     Diagonalizing with lowered threshold

     Davidson diagonalization with overlap
     ethr =  1.92E-04,  avg # of iterations =  2.0

     total cpu time spent up to now is       22.0 secs

     max. frag. est. scf acc.  =       0.01147324 Ry

     frag. estimated scf acc.  <       0.01147324 Ry
     total Hartree energy      =       0.01284676

     iteration #  2     ecut=    70.00 Ry     beta=0.70
     Davidson diagonalization with overlap
     ethr =  1.91E-04,  avg # of iterations =  1.0

     total cpu time spent up to now is       28.8 secs

     max. frag. est. scf acc.  =       0.00840234 Ry

     frag. estimated scf acc.  <       0.00840234 Ry
     total Hartree energy      =       0.01601423

     iteration #  3     ecut=    70.00 Ry     beta=0.70
     Davidson diagonalization with overlap
     ethr =  1.40E-04,  avg # of iterations =  1.0

     total cpu time spent up to now is       35.2 secs

     max. frag. est. scf acc.  =       0.00000884 Ry

     frag. estimated scf acc.  <       0.00000884 Ry
     total Hartree energy      =       0.01676476

     iteration #  4     ecut=    70.00 Ry     beta=0.70
     Davidson diagonalization with overlap
     ethr =  1.47E-07,  avg # of iterations =  2.7

     total cpu time spent up to now is       45.3 secs

     max. frag. est. scf acc.  =       0.00000708 Ry

     frag. estimated scf acc.  <       0.00000708 Ry
     total Hartree energy      =       0.01681985

     iteration #  5     ecut=    70.00 Ry     beta=0.70
     Davidson diagonalization with overlap
     ethr =  1.18E-07,  avg # of iterations =  1.0

     total cpu time spent up to now is       51.8 secs

     max. frag. est. scf acc.  =       0.00000206 Ry

     frag. estimated scf acc.  <       0.00000206 Ry
     total Hartree energy      =       0.01680738

     iteration #  6     ecut=    70.00 Ry     beta=0.70
     Davidson diagonalization with overlap
     ethr =  3.43E-08,  avg # of iterations =  1.0

     total cpu time spent up to now is       58.3 secs

     max. frag. est. scf acc.  =       0.00000151 Ry

     frag. estimated scf acc.  <       0.00000151 Ry
     total Hartree energy      =       0.01678400

     iteration #  7     ecut=    70.00 Ry     beta=0.70
     Davidson diagonalization with overlap
     ethr =  2.52E-08,  avg # of iterations =  1.0

     total cpu time spent up to now is       64.9 secs

     max. frag. est. scf acc.  =       0.00000074 Ry

     frag. estimated scf acc.  <       0.00000074 Ry
     total Hartree energy      =       0.01677725

     iteration #  8     ecut=    70.00 Ry     beta=0.70
     Davidson diagonalization with overlap
     ethr =  1.24E-08,  avg # of iterations =  1.0

     total cpu time spent up to now is       71.6 secs

     max. frag. est. scf acc.  =       0.00000056 Ry

     frag. estimated scf acc.  <       0.00000056 Ry
     total Hartree energy      =       0.01676776

     iteration #  9     ecut=    70.00 Ry     beta=0.70
     Davidson diagonalization with overlap
     ethr =  9.31E-09,  avg # of iterations =  1.0

     total cpu time spent up to now is       78.2 secs

     max. frag. est. scf acc.  =       0.00000036 Ry

     frag. estimated scf acc.  <       0.00000036 Ry
     total Hartree energy      =       0.01673686

     iteration # 10     ecut=    70.00 Ry     beta=0.70
     Davidson diagonalization with overlap
     ethr =  5.93E-09,  avg # of iterations =  1.0

     total cpu time spent up to now is       84.6 secs

     max. frag. est. scf acc.  =          0.8E-08 Ry

     frag. estimated scf acc.  <          0.8E-08 Ry
     total Hartree energy      =       0.01673210

     iteration # 11     ecut=    70.00 Ry     beta=0.70
     Davidson diagonalization with overlap
     ethr =  1.27E-10,  avg # of iterations =  1.9

     total cpu time spent up to now is       93.8 secs

     End of self-consistent calculation

     Number of k-points >= 100: set verbosity='high' to print the bands.

     the Fermi energy is     7.9457 ev

     max. frag. est. scf acc.  =          0.2E-10 Ry

     frag. estimated scf acc.  <          0.2E-10 Ry

     The total energy is the sum of the following terms:

     one-electron contribution =       5.70655622 Ry
     hartree contribution      =       0.01673243 Ry
     xc contribution           =      -3.21036853 Ry
     ewald contribution        =     -10.79379171 Ry

     FDE: sum of frag energies =      -8.28133387 Ry
     FDE: ewald double counting=       0.00000000 Ry
     FDE: non additive kinetic =       0.00000000 Ry
     FDE: non additive E_XC    =       0.00000000 Ry
     FDE: total energy         =      -8.28133387 Ry
     smearing contrib. (-TS)   =      -0.00046227 Ry

     convergence has been achieved in  11 iterations

     Writing output data file Al.save
     Writing data to file  Al_fde_rho.pp

     init_run     :      6.16s CPU      2.75s WALL (       1 calls)
     electrons    :    138.71s CPU     90.99s WALL (       1 calls)

     Called by init_run:
     wfcinit      :      5.99s CPU      2.58s WALL (       1 calls)
     potinit      :      0.07s CPU      0.07s WALL (       1 calls)

     Called by electrons:
     c_bands      :    123.16s CPU     76.44s WALL (      12 calls)
     sum_band     :     14.55s CPU     13.69s WALL (      12 calls)
     v_of_rho     :      0.93s CPU      0.79s WALL (      12 calls)
     mix_rho      :      0.05s CPU      0.06s WALL (      12 calls)

     Called by c_bands:
     init_us_2    :      2.38s CPU      1.51s WALL (    6500 calls)
     cegterg      :    118.82s CPU     74.19s WALL (    3120 calls)

     Called by *egterg:
     h_psi        :    115.11s CPU     68.85s WALL (    8078 calls)
     g_psi        :      0.43s CPU      0.24s WALL (    4698 calls)
     cdiaghg      :      4.93s CPU      5.24s WALL (    7558 calls)

     Called by h_psi:
     add_vuspsi   :      0.74s CPU      0.48s WALL (    8078 calls)

     General routines
     calbec       :      1.02s CPU      0.66s WALL (    8078 calls)
     fft          :      0.21s CPU      0.18s WALL (     165 calls)
     ffts         :      0.02s CPU      0.02s WALL (      24 calls)
     fftw         :    118.79s CPU     75.16s WALL (  122620 calls)
     interpolate  :      0.05s CPU      0.05s WALL (      24 calls)
     davcio       :      0.00s CPU      0.01s WALL (     260 calls)

     Parallel routines
     fft_scatter  :     12.70s CPU      7.89s WALL (  123004 calls)

     PWSCF        :    145.20s CPU     94.14s WALL (       1 calls)

   This run was terminated on:  11:35:14  12Oct2017            

=------------------------------------------------------------------------------=
   JOB DONE.
=------------------------------------------------------------------------------=
