     Reading input from P_0.in

     Current dimensions of program PWSCF are:
     Max number of different atomic species (ntypx) = 10
     Max number of k-points (npk) =  40000
     Max angular momentum in pseudopotentials (lmaxx) =  3

     Subspace diagonalization in iterative solution of the eigenvalue problem:
     a serial algorithm will be used


   Info: using nr1, nr2, nr3 values from input
     Found symmetry operation: I + (  0.5000  0.0000  0.5000)
     This is a supercell, fractional translations are disabled

     G-vector sticks info
     --------------------
     sticks:   dense  smooth     PW     G-vecs:    dense   smooth      PW
     Sum        1643    1157    287               138717    81217   10139


     G-vector sticks info Large
     --------------------
     sticks:   dense     G-vecs:    dense
     Sum        1643               138717

 ref_atm           1
  0.49999999987915406       0.81999996292054889       0.69599997999999985     
         -10         -27         -32


     bravais-lattice index     =            0
     lattice parameter (alat)  =       6.2550  a.u.
     unit-cell volume          =    1027.2781 (a.u.)^3
     number of atoms/cell      =            8
     number of atomic types    =            1


     Large bravais-lattice index     =            0
     Large lattice parameter (alat)  =       6.2550  a.u.
     Large unit-cell volume          =    1027.2781 (a.u.)^3
     number of electrons       =        40.00
     number of Kohn-Sham states=           20
     kinetic-energy cutoff     =      70.0000  Ry
     charge density cutoff     =     400.0000  Ry
     convergence threshold     =      1.0E-09
     mixing beta               =       0.7000
     number of iterations used =            8  plain     mixing
     Exchange-correlation      = PBE ( 1  4  3  4 0)

     ===== FROZEN DENSITY EMBEDDING METHOD ======================
     Number of fragments  :   1
     Total number of atoms:   8
     Current fragment     :   1
     Initial FDE Density  : Atomic
     Kinetic energy funct.: LC94      
     Fragment Charge      :  0.00
     Total    Charge      :  0.00
     Fragment Spin        : Closed Shell
     Total    Spin        : Closed Shell
     Fragment #   1:
         1           P   tau(   1) = (   0.0000000   0.1190937   0.3108761  )
         2           P   tau(   2) = (   0.0000000   1.2041692   2.8613294  )
         3           P   tau(   3) = (   0.0000000   0.7807252   1.2752266  )
         4           P   tau(   4) = (   0.0000000   0.5425378   1.8969789  )
         5           P   tau(   5) = (   0.5000000   0.1190937   1.8969789  )
         6           P   tau(   6) = (   0.5000000   1.2041692   1.2752266  )
         7           P   tau(   7) = (   0.5000000   0.7807252   2.8613294  )
         8           P   tau(   8) = (   0.5000000   0.5425378   0.3108761  )
     ===== FROZEN DENSITY EMBEDDING METHOD ======================


     celldm(1)=   6.254993  celldm(2)=   0.000000  celldm(3)=   0.000000
     celldm(4)=   0.000000  celldm(5)=   0.000000  celldm(6)=   0.000000

     crystal axes: (cart. coord. in units of alat)
               a(1) = (   1.000000   0.000000   0.000000 )  
               a(2) = (   0.000000   1.323263   0.000000 )  
               a(3) = (   0.000000   0.000000   3.172205 )  

     reciprocal axes: (cart. coord. in units 2 pi/alat)
               b(1) = (  1.000000  0.000000  0.000000 )  
               b(2) = (  0.000000  0.755708  0.000000 )  
               b(3) = (  0.000000  0.000000  0.315238 )  

     Large crystal axes: (cart. coord. in units of alat)
               a(1) = (   1.000000   0.000000   0.000000 )  
               a(2) = (   0.000000   1.323263   0.000000 )  
               a(3) = (   0.000000   0.000000   3.172205 )  

     Large reciprocal axes: (cart. coord. in units 2 pi/alat)
               b(1) = (  1.000000  0.000000  0.000000 )  
               b(2) = (  0.000000  0.755708  0.000000 )  
               b(3) = (  0.000000  0.000000  0.315238 )  


     PseudoPot. # 1 for  P read from file:
     ./P.pbe-n-rrkjus_psl.0.1.UPF
     MD5 check sum: 9059c74eff0b4ddee7d8ea681845622a
     Pseudo is Ultrasoft + core correction, Zval =  5.0
     Generated using "atomic" code by A. Dal Corso  v.5.0.2 svn rev. 9415
     Using radial grid of 1147 points,  4 beta functions with: 
                l(1) =   0
                l(2) =   0
                l(3) =   1
                l(4) =   1
     Q(r) pseudized with 0 coefficients 


     atomic species   valence    mass     pseudopotential
        P              5.00    26.00000      P( 1.00)

     No symmetry found



   Cartesian axes

     site n.     atom                  positions (alat units)
         1           P   tau(   1) = (   0.0000000   0.1190937   0.3108761  )
         2           P   tau(   2) = (   0.0000000   1.2041692   2.8613294  )
         3           P   tau(   3) = (   0.0000000   0.7807252   1.2752266  )
         4           P   tau(   4) = (   0.0000000   0.5425378   1.8969789  )
         5           P   tau(   5) = (   0.5000000   0.1190937   1.8969789  )
         6           P   tau(   6) = (   0.5000000   1.2041692   1.2752266  )
         7           P   tau(   7) = (   0.5000000   0.7807252   2.8613294  )
         8           P   tau(   8) = (   0.5000000   0.5425378   0.3108761  )

     number of k points=     1
                       cart. coord. in units 2pi/alat
        k(    1) = (   0.0000000   0.0000000   0.0000000), wk =   2.0000000

     Dense  grid:   138717 G-vectors     FFT dimensions: (  40,  54, 128)

     Smooth grid:    81217 G-vectors     FFT dimensions: (  36,  45, 108)

     Large  grid:   138717 G-vectors     FFT dimensions: (  40,  54, 128)

     Largest allocated arrays     est. size (Mb)     dimensions
        Kohn-Sham Wavefunctions         3.09 Mb     (   10139,   20)
        NL pseudopotentials             9.90 Mb     (   10139,   64)
        Each V/rho on FFT grid          4.22 Mb     (  276480)
        Each V/rho on Large FFT grid       4.22 Mb     (  276480)
        Each G-vector array             1.06 Mb     (  138717)
        G-vector shells                 0.14 Mb     (   18719)
        Each G-vector array (Large)       1.06 Mb     (  138717)
        G-vector shells (Large)           0.14 Mb     (   18719)
     Largest temporary arrays     est. size (Mb)     dimensions
        Auxiliary wavefunctions        12.38 Mb     (   10139,   80)
        Each subspace H/S matrix        0.10 Mb     (      80,   80)
        Each <psi_i|beta_j> matrix      0.02 Mb     (      64,   20)
        Arrays for rho mixing          33.75 Mb     (  276480,    8)

     Initial potential from superposition of free atoms

     starting charge   39.99872, renormalised to   40.00000
     Starting wfc are   32 randomized atomic wfcs

     total cpu time spent up to now is        2.5 secs

     Self-consistent Calculation

     iteration #  1     ecut=    70.00 Ry     beta=0.70
     Davidson diagonalization with overlap
     ethr =  1.00E-02,  avg # of iterations =  2.0

     Threshold (ethr) on eigenvalues was too large:
     Diagonalizing with lowered threshold

     Davidson diagonalization with overlap
     ethr =  8.80E-04,  avg # of iterations =  4.0

     total cpu time spent up to now is        4.8 secs

     max. frag. est. scf acc.  =       0.32732552 Ry

     frag. estimated scf acc.  <       0.32732552 Ry
     total Hartree energy      =      12.08091021

     iteration #  2     ecut=    70.00 Ry     beta=0.70
     Davidson diagonalization with overlap
     ethr =  8.18E-04,  avg # of iterations =  1.0

     total cpu time spent up to now is        6.2 secs

     max. frag. est. scf acc.  =       0.23251751 Ry

     frag. estimated scf acc.  <       0.23251751 Ry
     total Hartree energy      =      13.19752593

     iteration #  3     ecut=    70.00 Ry     beta=0.70
     Davidson diagonalization with overlap
     ethr =  5.81E-04,  avg # of iterations =  5.0

     total cpu time spent up to now is        7.6 secs

     max. frag. est. scf acc.  =       0.17769778 Ry

     frag. estimated scf acc.  <       0.17769778 Ry
     total Hartree energy      =      13.26921066

     iteration #  4     ecut=    70.00 Ry     beta=0.70
     Davidson diagonalization with overlap
     ethr =  4.44E-04,  avg # of iterations =  1.0

     total cpu time spent up to now is        9.0 secs

     max. frag. est. scf acc.  =       0.21546592 Ry

     frag. estimated scf acc.  <       0.21546592 Ry
     total Hartree energy      =      13.24730317

     iteration #  5     ecut=    70.00 Ry     beta=0.70
     Davidson diagonalization with overlap
     ethr =  4.44E-04,  avg # of iterations =  1.0

     total cpu time spent up to now is       10.4 secs

     max. frag. est. scf acc.  =       0.17380901 Ry

     frag. estimated scf acc.  <       0.17380901 Ry
     total Hartree energy      =      13.20299454

     iteration #  6     ecut=    70.00 Ry     beta=0.70
     Davidson diagonalization with overlap
     ethr =  4.35E-04,  avg # of iterations =  6.0

     total cpu time spent up to now is       12.0 secs

     max. frag. est. scf acc.  =       0.01419969 Ry

     frag. estimated scf acc.  <       0.01419969 Ry
     total Hartree energy      =      13.20178486

     iteration #  7     ecut=    70.00 Ry     beta=0.70
     Davidson diagonalization with overlap
     ethr =  3.55E-05,  avg # of iterations =  4.0

     total cpu time spent up to now is       13.5 secs

     max. frag. est. scf acc.  =       0.01534787 Ry

     frag. estimated scf acc.  <       0.01534787 Ry
     total Hartree energy      =      13.18311009

     iteration #  8     ecut=    70.00 Ry     beta=0.70
     Davidson diagonalization with overlap
     ethr =  3.55E-05,  avg # of iterations =  6.0

     total cpu time spent up to now is       15.0 secs

     max. frag. est. scf acc.  =       0.06607494 Ry

     frag. estimated scf acc.  <       0.06607494 Ry
     total Hartree energy      =      13.16864125

     iteration #  9     ecut=    70.00 Ry     beta=0.70
     Davidson diagonalization with overlap
     ethr =  3.55E-05,  avg # of iterations =  7.0

     total cpu time spent up to now is       16.7 secs

     max. frag. est. scf acc.  =       0.03609079 Ry

     frag. estimated scf acc.  <       0.03609079 Ry
     total Hartree energy      =      13.16285041

     iteration # 10     ecut=    70.00 Ry     beta=0.70
     Davidson diagonalization with overlap
     ethr =  3.55E-05,  avg # of iterations =  1.0

     total cpu time spent up to now is       18.1 secs

     max. frag. est. scf acc.  =       0.03677777 Ry

     frag. estimated scf acc.  <       0.03677777 Ry
     total Hartree energy      =      13.09782162

     iteration # 11     ecut=    70.00 Ry     beta=0.70
     Davidson diagonalization with overlap
     ethr =  3.55E-05,  avg # of iterations =  1.0

     total cpu time spent up to now is       19.5 secs

     max. frag. est. scf acc.  =       0.04825823 Ry

     frag. estimated scf acc.  <       0.04825823 Ry
     total Hartree energy      =      13.08698096

     iteration # 12     ecut=    70.00 Ry     beta=0.70
     Davidson diagonalization with overlap
     ethr =  3.55E-05,  avg # of iterations =  1.0

     total cpu time spent up to now is       20.9 secs

     max. frag. est. scf acc.  =       0.05046449 Ry

     frag. estimated scf acc.  <       0.05046449 Ry
     total Hartree energy      =      13.09352085

     iteration # 13     ecut=    70.00 Ry     beta=0.70
     Davidson diagonalization with overlap
     ethr =  3.55E-05,  avg # of iterations =  4.0

     total cpu time spent up to now is       22.3 secs

     max. frag. est. scf acc.  =       0.05084063 Ry

     frag. estimated scf acc.  <       0.05084063 Ry
     total Hartree energy      =      13.09125511

     iteration # 14     ecut=    70.00 Ry     beta=0.70
     Davidson diagonalization with overlap
     ethr =  3.55E-05,  avg # of iterations =  5.0

     total cpu time spent up to now is       23.8 secs

     max. frag. est. scf acc.  =       0.07459730 Ry

     frag. estimated scf acc.  <       0.07459730 Ry
     total Hartree energy      =      13.10356139

     iteration # 15     ecut=    70.00 Ry     beta=0.70
     Davidson diagonalization with overlap
     ethr =  3.55E-05,  avg # of iterations =  1.0

     total cpu time spent up to now is       25.2 secs

     max. frag. est. scf acc.  =       0.05215517 Ry

     frag. estimated scf acc.  <       0.05215517 Ry
     total Hartree energy      =      13.11834778

     iteration # 16     ecut=    70.00 Ry     beta=0.70
     Davidson diagonalization with overlap
     ethr =  3.55E-05,  avg # of iterations =  1.0

     total cpu time spent up to now is       26.6 secs

     max. frag. est. scf acc.  =       0.03375813 Ry

     frag. estimated scf acc.  <       0.03375813 Ry
     total Hartree energy      =      13.14981228

     iteration # 17     ecut=    70.00 Ry     beta=0.70
     Davidson diagonalization with overlap
     ethr =  3.55E-05,  avg # of iterations =  7.0

     total cpu time spent up to now is       28.2 secs

     max. frag. est. scf acc.  =       0.00557700 Ry

     frag. estimated scf acc.  <       0.00557700 Ry
     total Hartree energy      =      13.13741247

     iteration # 18     ecut=    70.00 Ry     beta=0.70
     Davidson diagonalization with overlap
     ethr =  1.39E-05,  avg # of iterations =  1.0

     total cpu time spent up to now is       29.6 secs

     max. frag. est. scf acc.  =       0.00375698 Ry

     frag. estimated scf acc.  <       0.00375698 Ry
     total Hartree energy      =      13.10830084

     iteration # 19     ecut=    70.00 Ry     beta=0.70
     Davidson diagonalization with overlap
     ethr =  9.39E-06,  avg # of iterations =  7.0

     total cpu time spent up to now is       31.1 secs

     max. frag. est. scf acc.  =       0.00361906 Ry

     frag. estimated scf acc.  <       0.00361906 Ry
     total Hartree energy      =      13.13834418

     iteration # 20     ecut=    70.00 Ry     beta=0.70
     Davidson diagonalization with overlap
     ethr =  9.05E-06,  avg # of iterations =  8.0

     total cpu time spent up to now is       32.7 secs

     max. frag. est. scf acc.  =       0.00303808 Ry

     frag. estimated scf acc.  <       0.00303808 Ry
     total Hartree energy      =      13.12568399

     iteration # 21     ecut=    70.00 Ry     beta=0.70
     Davidson diagonalization with overlap
     ethr =  7.60E-06,  avg # of iterations =  1.0

     total cpu time spent up to now is       34.2 secs

     max. frag. est. scf acc.  =       0.00322786 Ry

     frag. estimated scf acc.  <       0.00322786 Ry
     total Hartree energy      =      13.11989088

     iteration # 22     ecut=    70.00 Ry     beta=0.70
     Davidson diagonalization with overlap
     ethr =  7.60E-06,  avg # of iterations =  1.0

     total cpu time spent up to now is       35.6 secs

     max. frag. est. scf acc.  =       0.00308543 Ry

     frag. estimated scf acc.  <       0.00308543 Ry
     total Hartree energy      =      13.12667046

     iteration # 23     ecut=    70.00 Ry     beta=0.70
     Davidson diagonalization with overlap
     ethr =  7.60E-06,  avg # of iterations =  1.0

     total cpu time spent up to now is       37.0 secs

     max. frag. est. scf acc.  =       0.00213795 Ry

     frag. estimated scf acc.  <       0.00213795 Ry
     total Hartree energy      =      13.12529025

     iteration # 24     ecut=    70.00 Ry     beta=0.70
     Davidson diagonalization with overlap
     ethr =  5.34E-06,  avg # of iterations =  1.0

     total cpu time spent up to now is       38.4 secs

     max. frag. est. scf acc.  =       0.00194782 Ry

     frag. estimated scf acc.  <       0.00194782 Ry
     total Hartree energy      =      13.13205629

     iteration # 25     ecut=    70.00 Ry     beta=0.70
     Davidson diagonalization with overlap
     ethr =  4.87E-06,  avg # of iterations =  6.0

     total cpu time spent up to now is       39.8 secs

     max. frag. est. scf acc.  =       0.00092074 Ry

     frag. estimated scf acc.  <       0.00092074 Ry
     total Hartree energy      =      13.13589092

     iteration # 26     ecut=    70.00 Ry     beta=0.70
     Davidson diagonalization with overlap
     ethr =  2.30E-06,  avg # of iterations =  5.0

     total cpu time spent up to now is       41.3 secs

     max. frag. est. scf acc.  =       0.00053061 Ry

     frag. estimated scf acc.  <       0.00053061 Ry
     total Hartree energy      =      13.13743745

     iteration # 27     ecut=    70.00 Ry     beta=0.70
     Davidson diagonalization with overlap
     ethr =  1.33E-06,  avg # of iterations =  5.0

     total cpu time spent up to now is       42.7 secs

     max. frag. est. scf acc.  =       0.00104067 Ry

     frag. estimated scf acc.  <       0.00104067 Ry
     total Hartree energy      =      13.13716358

     iteration # 28     ecut=    70.00 Ry     beta=0.70
     Davidson diagonalization with overlap
     ethr =  1.33E-06,  avg # of iterations =  7.0

     total cpu time spent up to now is       44.3 secs

     max. frag. est. scf acc.  =       0.00108963 Ry

     frag. estimated scf acc.  <       0.00108963 Ry
     total Hartree energy      =      13.14511298

     iteration # 29     ecut=    70.00 Ry     beta=0.70
     Davidson diagonalization with overlap
     ethr =  1.33E-06,  avg # of iterations =  6.0

     total cpu time spent up to now is       45.8 secs

     max. frag. est. scf acc.  =       0.00031883 Ry

     frag. estimated scf acc.  <       0.00031883 Ry
     total Hartree energy      =      13.14556814

     iteration # 30     ecut=    70.00 Ry     beta=0.70
     Davidson diagonalization with overlap
     ethr =  7.97E-07,  avg # of iterations =  1.0

     total cpu time spent up to now is       47.2 secs

     max. frag. est. scf acc.  =       0.00020252 Ry

     frag. estimated scf acc.  <       0.00020252 Ry
     total Hartree energy      =      13.14724354

     iteration # 31     ecut=    70.00 Ry     beta=0.70
     Davidson diagonalization with overlap
     ethr =  5.06E-07,  avg # of iterations =  8.0

     total cpu time spent up to now is       48.8 secs

     max. frag. est. scf acc.  =       0.00002508 Ry

     frag. estimated scf acc.  <       0.00002508 Ry
     total Hartree energy      =      13.14760503

     iteration # 32     ecut=    70.00 Ry     beta=0.70
     Davidson diagonalization with overlap
     ethr =  6.27E-08,  avg # of iterations =  9.0

     total cpu time spent up to now is       50.3 secs

     max. frag. est. scf acc.  =       0.00002860 Ry

     frag. estimated scf acc.  <       0.00002860 Ry
     total Hartree energy      =      13.14766052

     iteration # 33     ecut=    70.00 Ry     beta=0.70
     Davidson diagonalization with overlap
     ethr =  6.27E-08,  avg # of iterations =  9.0

     total cpu time spent up to now is       51.9 secs

     max. frag. est. scf acc.  =       0.00015732 Ry

     frag. estimated scf acc.  <       0.00015732 Ry
     total Hartree energy      =      13.14809093

     iteration # 34     ecut=    70.00 Ry     beta=0.70
     Davidson diagonalization with overlap
     ethr =  6.27E-08,  avg # of iterations =  1.0

     total cpu time spent up to now is       53.3 secs

     max. frag. est. scf acc.  =       0.00013751 Ry

     frag. estimated scf acc.  <       0.00013751 Ry
     total Hartree energy      =      13.14839030

     iteration # 35     ecut=    70.00 Ry     beta=0.70
     Davidson diagonalization with overlap
     ethr =  6.27E-08,  avg # of iterations =  8.0

     total cpu time spent up to now is       55.0 secs

     max. frag. est. scf acc.  =       0.00004417 Ry

     frag. estimated scf acc.  <       0.00004417 Ry
     total Hartree energy      =      13.14676086

     iteration # 36     ecut=    70.00 Ry     beta=0.70
     Davidson diagonalization with overlap
     ethr =  6.27E-08,  avg # of iterations =  6.0

     total cpu time spent up to now is       56.6 secs

     max. frag. est. scf acc.  =       0.00003907 Ry

     frag. estimated scf acc.  <       0.00003907 Ry
     total Hartree energy      =      13.14627603

     iteration # 37     ecut=    70.00 Ry     beta=0.70
     Davidson diagonalization with overlap
     ethr =  6.27E-08,  avg # of iterations =  4.0

     total cpu time spent up to now is       58.1 secs

     max. frag. est. scf acc.  =       0.00001916 Ry

     frag. estimated scf acc.  <       0.00001916 Ry
     total Hartree energy      =      13.14682408

     iteration # 38     ecut=    70.00 Ry     beta=0.70
     Davidson diagonalization with overlap
     ethr =  4.79E-08,  avg # of iterations =  4.0

     total cpu time spent up to now is       59.7 secs

     max. frag. est. scf acc.  =       0.00001273 Ry

     frag. estimated scf acc.  <       0.00001273 Ry
     total Hartree energy      =      13.14653115

     iteration # 39     ecut=    70.00 Ry     beta=0.70
     Davidson diagonalization with overlap
     ethr =  3.18E-08,  avg # of iterations =  8.0

     total cpu time spent up to now is       61.3 secs

     max. frag. est. scf acc.  =       0.00000059 Ry

     frag. estimated scf acc.  <       0.00000059 Ry
     total Hartree energy      =      13.14664502

     iteration # 40     ecut=    70.00 Ry     beta=0.70
     Davidson diagonalization with overlap
     ethr =  1.47E-09,  avg # of iterations =  6.0

     total cpu time spent up to now is       63.0 secs

     max. frag. est. scf acc.  =       0.00000002 Ry

     frag. estimated scf acc.  <       0.00000002 Ry
     total Hartree energy      =      13.14671602

     iteration # 41     ecut=    70.00 Ry     beta=0.70
     Davidson diagonalization with overlap
     ethr =  6.15E-11,  avg # of iterations = 17.0

     total cpu time spent up to now is       64.9 secs

     max. frag. est. scf acc.  =       0.00000008 Ry

     frag. estimated scf acc.  <       0.00000008 Ry
     total Hartree energy      =      13.14673912

     iteration # 42     ecut=    70.00 Ry     beta=0.70
     Davidson diagonalization with overlap
     ethr =  6.15E-11,  avg # of iterations =  7.0

     total cpu time spent up to now is       66.4 secs

     max. frag. est. scf acc.  =       0.00000002 Ry

     frag. estimated scf acc.  <       0.00000002 Ry
     total Hartree energy      =      13.14672574

     iteration # 43     ecut=    70.00 Ry     beta=0.70
     Davidson diagonalization with overlap
     ethr =  5.41E-11,  avg # of iterations =  5.0

     total cpu time spent up to now is       67.8 secs

     max. frag. est. scf acc.  =          0.2E-08 Ry

     frag. estimated scf acc.  <          0.2E-08 Ry
     total Hartree energy      =      13.14673804

     iteration # 44     ecut=    70.00 Ry     beta=0.70
     Davidson diagonalization with overlap
     ethr =  4.03E-12,  avg # of iterations =  9.0

     total cpu time spent up to now is       69.6 secs

     End of self-consistent calculation

          k = 0.0000 0.0000 0.0000 ( 10139 PWs)   bands (ev):

    -8.4984  -8.3036  -5.9305  -5.4493  -2.0552  -1.9459   0.4646   1.4207
     1.9131   2.4153   2.7630   3.0804   3.1775   3.2250   4.7745   4.9654
     5.0175   6.3275   6.3494   7.8318

     highest occupied level (ev):     7.8318

     max. frag. est. scf acc.  =          0.2E-09 Ry

     frag. estimated scf acc.  <          0.2E-09 Ry

     The total energy is the sum of the following terms:

     one-electron contribution =      13.92778822 Ry
     hartree contribution      =      13.14672677 Ry
     xc contribution           =     -47.34292651 Ry
     ewald contribution        =    -102.79545166 Ry

     FDE: sum of frag energies =    -123.06386317 Ry
     FDE: ewald double counting=       0.00000000 Ry
     FDE: non additive kinetic =       0.00000000 Ry
     FDE: non additive E_XC    =       0.00000000 Ry
     FDE: total energy         =    -123.06386317 Ry

     convergence has been achieved in  44 iterations

     Writing output data file Si.save

     init_run     :      2.29s CPU      2.38s WALL (       1 calls)
     electrons    :     99.13s CPU     67.13s WALL (       1 calls)

     Called by init_run:
     wfcinit      :      0.27s CPU      0.27s WALL (       1 calls)
     potinit      :      0.62s CPU      0.65s WALL (       1 calls)

     Called by electrons:
     c_bands      :     34.59s CPU     17.04s WALL (      45 calls)
     sum_band     :     30.91s CPU     16.90s WALL (      45 calls)
     v_of_rho     :     18.07s CPU     17.68s WALL (      45 calls)
     newd         :     12.68s CPU     12.99s WALL (      45 calls)
     mix_rho      :      2.23s CPU      2.05s WALL (      45 calls)

     Called by c_bands:
     init_us_2    :      0.50s CPU      0.33s WALL (      91 calls)
     cegterg      :     33.93s CPU     16.33s WALL (      45 calls)

     Called by *egterg:
     h_psi        :     26.77s CPU     13.57s WALL (     255 calls)
     s_psi        :      0.68s CPU      0.19s WALL (     255 calls)
     g_psi        :      0.26s CPU      0.09s WALL (     209 calls)
     cdiaghg      :      2.88s CPU      0.96s WALL (     253 calls)

     Called by h_psi:
     add_vuspsi   :      1.06s CPU      0.33s WALL (     255 calls)

     General routines
     calbec       :      1.20s CPU      0.33s WALL (     300 calls)
     fft          :      4.90s CPU      4.20s WALL (     684 calls)
     ffts         :      0.65s CPU      0.33s WALL (      90 calls)
     fftw         :     29.98s CPU     14.37s WALL (    5162 calls)
     interpolate  :      2.00s CPU      1.04s WALL (      90 calls)
     davcio       :      0.00s CPU      0.00s WALL (       1 calls)

     Parallel routines
     fft_scatter  :      2.18s CPU      1.44s WALL (    6659 calls)

     PWSCF        :    101.68s CPU     69.66s WALL (       1 calls)

   This run was terminated on:  15:47: 0  18Oct2017            

=------------------------------------------------------------------------------=
   JOB DONE.
=------------------------------------------------------------------------------=
