     Reading input from Si_0.in

     Current dimensions of program PWSCF are:
     Max number of different atomic species (ntypx) = 10
     Max number of k-points (npk) =  40000
     Max angular momentum in pseudopotentials (lmaxx) =  3

     Subspace diagonalization in iterative solution of the eigenvalue problem:
     a serial algorithm will be used

     Message from routine setup:
     no reason to have ecutrho>4*ecutwfc

   Info: using nr1, nr2, nr3 values from input

     Parallelization info
     --------------------
     sticks:   dense  smooth     PW     G-vecs:    dense   smooth      PW
     Min         729     513    156                18306    10769    1847
     Max         730     514    157                18307    10778    1848
     Sum        1459    1027    313                36613    21547    3695


     Parallelization info Large
     --------------------
     sticks:   dense     G-vecs:    dense
     Min         729                18306
     Max         730                18307
     Sum        1459                36613

 ref_atm           1
  0.25000000000000000       0.25000000000000000       0.25000000000000000     
         -18         -18         -18


     bravais-lattice index     =            0
     lattice parameter (alat)  =      10.2631  a.u.
     unit-cell volume          =     270.2564 (a.u.)^3
     number of atoms/cell      =            2
     number of atomic types    =            1


     Large bravais-lattice index     =            0
     Large lattice parameter (alat)  =      10.2631  a.u.
     Large unit-cell volume          =     270.2564 (a.u.)^3
     number of electrons       =         8.00
     number of Kohn-Sham states=            8
     kinetic-energy cutoff     =      70.0000  Ry
     charge density cutoff     =     400.0000  Ry
     convergence threshold     =      1.0E-09
     mixing beta               =       0.7000
     number of iterations used =            8  plain     mixing
     Exchange-correlation      =  SLA  PW   PBE  PBE ( 1  4  3  4 0)

     ===== FROZEN DENSITY EMBEDDING METHOD ======================
     Number of fragments  :   1
     Total number of atoms:   2
     Current fragment     :   1
     Initial FDE Density  : Atomic
     Kinetic energy funct.: LC94      
     Fragment Charge      :  0.00
     Total    Charge      :  0.00
     Fragment Spin        : Closed Shell
     Total    Spin        : Closed Shell
     Fragment #   1:
         1           Si  tau(   1) = (   0.0000000   0.0000000   0.0000000  )
         2           Si  tau(   2) = (   0.2500000   0.2500000   0.2500000  )
     ===== FROZEN DENSITY EMBEDDING METHOD ======================


     celldm(1)=  10.263103  celldm(2)=   0.000000  celldm(3)=   0.000000
     celldm(4)=   0.000000  celldm(5)=   0.000000  celldm(6)=   0.000000

     crystal axes: (cart. coord. in units of alat)
               a(1) = (   0.500000   0.500000   0.000000 )  
               a(2) = (   0.500000   0.000000   0.500000 )  
               a(3) = (   0.000000   0.500000   0.500000 )  

     reciprocal axes: (cart. coord. in units 2 pi/alat)
               b(1) = (  1.000000  1.000000 -1.000000 )  
               b(2) = (  1.000000 -1.000000  1.000000 )  
               b(3) = ( -1.000000  1.000000  1.000000 )  

     Large crystal axes: (cart. coord. in units of alat)
               a(1) = (   0.500000   0.500000   0.000000 )  
               a(2) = (   0.500000   0.000000   0.500000 )  
               a(3) = (   0.000000   0.500000   0.500000 )  

     Large reciprocal axes: (cart. coord. in units 2 pi/alat)
               b(1) = (  1.000000  1.000000 -1.000000 )  
               b(2) = (  1.000000 -1.000000  1.000000 )  
               b(3) = ( -1.000000  1.000000  1.000000 )  


     PseudoPot. # 1 for Si read from file:
     ./Si.pbe-rrkj.UPF
     MD5 check sum: cf7ab5690cd9a85b22c4813f7e365554
     Pseudo is Norm-conserving, Zval =  4.0
     Generated by new atomic code, or converted to UPF format
     Using radial grid of  883 points,  3 beta functions with: 
                l(1) =   0
                l(2) =   0
                l(3) =   1

     atomic species   valence    mass     pseudopotential
        Si             4.00    26.00000     Si( 1.00)

     No symmetry found



   Cartesian axes

     site n.     atom                  positions (alat units)
         1           Si  tau(   1) = (   0.0000000   0.0000000   0.0000000  )
         2           Si  tau(   2) = (   0.2500000   0.2500000   0.2500000  )

     number of k points=   260  gaussian smearing, width (Ry)=  0.0100

     Number of k-points >= 100: set verbosity='high' to print them.

     Dense  grid:    36613 G-vectors     FFT dimensions: (  48,  48,  48)

     Smooth grid:    21547 G-vectors     FFT dimensions: (  40,  40,  40)

     Large  grid:    36613 G-vectors     FFT dimensions: (  48,  48,  48)

     Largest allocated arrays     est. size (Mb)     dimensions
        Kohn-Sham Wavefunctions         0.17 Mb     (    1356,    8)
        NL pseudopotentials             0.21 Mb     (    1356,   10)
        Each V/rho on FFT grid          0.84 Mb     (   55296)
        Each V/rho on Large FFT grid       0.84 Mb     (   55296)
        Each G-vector array             0.14 Mb     (   18307)
        G-vector shells                 0.00 Mb     (     358)
        Each G-vector array (Large)       0.14 Mb     (   18307)
        G-vector shells (Large)           0.00 Mb     (     358)
     Largest temporary arrays     est. size (Mb)     dimensions
        Auxiliary wavefunctions         0.66 Mb     (    1356,   32)
        Each subspace H/S matrix        0.02 Mb     (      32,   32)
        Each <psi_i|beta_j> matrix      0.00 Mb     (      10,    8)
        Arrays for rho mixing           6.75 Mb     (   55296,    8)

     Initial potential from superposition of free atoms

     starting charge    7.99889, renormalised to    8.00000
