     Reading input from Si_FCC_0.in

     Current dimensions of program PWSCF are:
     Max number of different atomic species (ntypx) = 10
     Max number of k-points (npk) =  40000
     Max angular momentum in pseudopotentials (lmaxx) =  3

     Subspace diagonalization in iterative solution of the eigenvalue problem:
     a serial algorithm will be used

     Message from routine setup:
     no reason to have ecutrho>4*ecutwfc

   Info: using nr1, nr2, nr3 values from input

     Parallelization info
     --------------------
     sticks:   dense  smooth     PW     G-vecs:    dense   smooth      PW
     Min         279     189     63                 4220     2478     482
     Max         280     190     64                 4221     2479     483
     Sum         559     379    127                 8441     4957     965


     Parallelization info Large
     --------------------
     sticks:   dense     G-vecs:    dense
     Min         279                 4220
     Max         280                 4221
     Sum         559                 8441

 ref_atm           1
   0.0000000000000000        0.0000000000000000        0.0000000000000000     
         -15         -15         -15


     bravais-lattice index     =            0
     lattice parameter (alat)  =       6.3117  a.u.
     unit-cell volume          =      62.8602 (a.u.)^3
     number of atoms/cell      =            1
     number of atomic types    =            1


     Large bravais-lattice index     =            0
     Large lattice parameter (alat)  =       6.3117  a.u.
     Large unit-cell volume          =      62.8602 (a.u.)^3
     number of electrons       =         4.00
     number of Kohn-Sham states=            6
     kinetic-energy cutoff     =      70.0000  Ry
     charge density cutoff     =     400.0000  Ry
     convergence threshold     =      1.0E-09
     mixing beta               =       0.7000
     number of iterations used =            8  plain     mixing
     Exchange-correlation      =  SLA  PW   PBE  PBE ( 1  4  3  4 0)

     ===== FROZEN DENSITY EMBEDDING METHOD ======================
     Number of fragments  :   1
     Total number of atoms:   1
     Current fragment     :   1
     Initial FDE Density  : Atomic
     Kinetic energy funct.: LC94      
     Fragment Charge      :  0.00
     Total    Charge      :  0.00
     Fragment Spin        : Closed Shell
     Total    Spin        : Closed Shell
     Fragment #   1:
         1           Si  tau(   1) = (   0.0000000   0.0000000   0.0000000  )
     ===== FROZEN DENSITY EMBEDDING METHOD ======================


     celldm(1)=   6.311685  celldm(2)=   0.000000  celldm(3)=   0.000000
     celldm(4)=   0.000000  celldm(5)=   0.000000  celldm(6)=   0.000000

     crystal axes: (cart. coord. in units of alat)
               a(1) = (   0.500000   0.500000   0.000000 )  
               a(2) = (   0.500000   0.000000   0.500000 )  
               a(3) = (   0.000000   0.500000   0.500000 )  

     reciprocal axes: (cart. coord. in units 2 pi/alat)
               b(1) = (  1.000000  1.000000 -1.000000 )  
               b(2) = (  1.000000 -1.000000  1.000000 )  
               b(3) = ( -1.000000  1.000000  1.000000 )  

     Large crystal axes: (cart. coord. in units of alat)
               a(1) = (   0.500000   0.500000   0.000000 )  
               a(2) = (   0.500000   0.000000   0.500000 )  
               a(3) = (   0.000000   0.500000   0.500000 )  

     Large reciprocal axes: (cart. coord. in units 2 pi/alat)
               b(1) = (  1.000000  1.000000 -1.000000 )  
               b(2) = (  1.000000 -1.000000  1.000000 )  
               b(3) = ( -1.000000  1.000000  1.000000 )  


     PseudoPot. # 1 for Si read from file:
     ./Si.pbe-rrkj.UPF
     MD5 check sum: cf7ab5690cd9a85b22c4813f7e365554
     Pseudo is Norm-conserving, Zval =  4.0
     Generated by new atomic code, or converted to UPF format
     Using radial grid of  883 points,  3 beta functions with: 
                l(1) =   0
                l(2) =   0
                l(3) =   1

     atomic species   valence    mass     pseudopotential
        Si             4.00    26.00000     Si( 1.00)

     No symmetry found



   Cartesian axes

     site n.     atom                  positions (alat units)
         1           Si  tau(   1) = (   0.0000000   0.0000000   0.0000000  )

     number of k points=   260  gaussian smearing, width (Ry)=  0.0100

     Number of k-points >= 100: set verbosity='high' to print them.

     Dense  grid:     8441 G-vectors     FFT dimensions: (  30,  30,  30)

     Smooth grid:     4957 G-vectors     FFT dimensions: (  24,  24,  24)

     Large  grid:     8441 G-vectors     FFT dimensions: (  30,  30,  30)

     Largest allocated arrays     est. size (Mb)     dimensions
        Kohn-Sham Wavefunctions         0.03 Mb     (     326,    6)
        NL pseudopotentials             0.02 Mb     (     326,    5)
        Each V/rho on FFT grid          0.21 Mb     (   13500)
        Each V/rho on Large FFT grid       0.21 Mb     (   13500)
        Each G-vector array             0.03 Mb     (    4221)
        G-vector shells                 0.00 Mb     (     137)
        Each G-vector array (Large)       0.03 Mb     (    4221)
        G-vector shells (Large)           0.00 Mb     (     137)
     Largest temporary arrays     est. size (Mb)     dimensions
        Auxiliary wavefunctions         0.12 Mb     (     326,   24)
        Each subspace H/S matrix        0.01 Mb     (      24,   24)
        Each <psi_i|beta_j> matrix      0.00 Mb     (       5,    6)
        Arrays for rho mixing           1.65 Mb     (   13500,    8)

     Initial potential from superposition of free atoms

     starting charge    3.99945, renormalised to    4.00000
     Starting wfc are    4 randomized atomic wfcs +    2 random wfc

     total cpu time spent up to now is        0.6 secs

     Self-consistent Calculation

     iteration #  1     ecut=    70.00 Ry     beta=0.70
     Davidson diagonalization with overlap
     ethr =  1.00E-02,  avg # of iterations =  4.5

     Threshold (ethr) on eigenvalues was too large:
     Diagonalizing with lowered threshold

     Davidson diagonalization with overlap
     ethr =  1.95E-04,  avg # of iterations =  1.2

     total cpu time spent up to now is        4.4 secs

     max. frag. est. scf acc.  =       0.00776460 Ry

     frag. estimated scf acc.  <       0.00776460 Ry
     total Hartree energy      =       0.00859069

     iteration #  2     ecut=    70.00 Ry     beta=0.70
     Davidson diagonalization with overlap
     ethr =  1.94E-04,  avg # of iterations =  1.0

     total cpu time spent up to now is        5.6 secs

     max. frag. est. scf acc.  =       0.00563996 Ry

     frag. estimated scf acc.  <       0.00563996 Ry
     total Hartree energy      =       0.01970856

     iteration #  3     ecut=    70.00 Ry     beta=0.70
     Davidson diagonalization with overlap
     ethr =  1.41E-04,  avg # of iterations =  1.0

     total cpu time spent up to now is        6.8 secs

     max. frag. est. scf acc.  =       0.00000639 Ry

     frag. estimated scf acc.  <       0.00000639 Ry
     total Hartree energy      =       0.02076577

     iteration #  4     ecut=    70.00 Ry     beta=0.70
     Davidson diagonalization with overlap
     ethr =  1.60E-07,  avg # of iterations =  2.7

     total cpu time spent up to now is        8.4 secs

     max. frag. est. scf acc.  =       0.00000753 Ry

     frag. estimated scf acc.  <       0.00000753 Ry
     total Hartree energy      =       0.02060461

     iteration #  5     ecut=    70.00 Ry     beta=0.70
     Davidson diagonalization with overlap
     ethr =  1.60E-07,  avg # of iterations =  1.0

     total cpu time spent up to now is        9.5 secs

     max. frag. est. scf acc.  =       0.00000234 Ry

     frag. estimated scf acc.  <       0.00000234 Ry
     total Hartree energy      =       0.02052032

     iteration #  6     ecut=    70.00 Ry     beta=0.70
     Davidson diagonalization with overlap
     ethr =  5.86E-08,  avg # of iterations =  1.0

     total cpu time spent up to now is       10.7 secs

     max. frag. est. scf acc.  =       0.00000105 Ry

     frag. estimated scf acc.  <       0.00000105 Ry
     total Hartree energy      =       0.02048514

     iteration #  7     ecut=    70.00 Ry     beta=0.70
     Davidson diagonalization with overlap
     ethr =  2.62E-08,  avg # of iterations =  1.0

     total cpu time spent up to now is       11.9 secs

     max. frag. est. scf acc.  =       0.00000067 Ry

     frag. estimated scf acc.  <       0.00000067 Ry
     total Hartree energy      =       0.02048092

     iteration #  8     ecut=    70.00 Ry     beta=0.70
     Davidson diagonalization with overlap
     ethr =  1.68E-08,  avg # of iterations =  1.0

     total cpu time spent up to now is       13.0 secs

     max. frag. est. scf acc.  =       0.00000063 Ry

     frag. estimated scf acc.  <       0.00000063 Ry
     total Hartree energy      =       0.02038696

     iteration #  9     ecut=    70.00 Ry     beta=0.70
     Davidson diagonalization with overlap
     ethr =  1.58E-08,  avg # of iterations =  1.0

     total cpu time spent up to now is       14.1 secs

     max. frag. est. scf acc.  =       0.00000007 Ry

     frag. estimated scf acc.  <       0.00000007 Ry
     total Hartree energy      =       0.02035687

     iteration # 10     ecut=    70.00 Ry     beta=0.70
     Davidson diagonalization with overlap
     ethr =  1.71E-09,  avg # of iterations =  1.0

     total cpu time spent up to now is       15.3 secs

     max. frag. est. scf acc.  =          0.8E-08 Ry

     frag. estimated scf acc.  <          0.8E-08 Ry
     total Hartree energy      =       0.02034184

     iteration # 11     ecut=    70.00 Ry     beta=0.70
     Davidson diagonalization with overlap
     ethr =  1.89E-10,  avg # of iterations =  1.0

     total cpu time spent up to now is       16.5 secs

     End of self-consistent calculation

     Number of k-points >= 100: set verbosity='high' to print the bands.

     the Fermi energy is    17.8339 ev

     max. frag. est. scf acc.  =          0.3E-11 Ry

     frag. estimated scf acc.  <          0.3E-11 Ry

     The total energy is the sum of the following terms:

     one-electron contribution =       6.63820483 Ry
     hartree contribution      =       0.02034190 Ry
     xc contribution           =      -2.78244367 Ry
     ewald contribution        =     -11.62253659 Ry

     FDE: sum of frag energies =      -7.74688970 Ry
     FDE: ewald double counting=       0.00000000 Ry
     FDE: non additive kinetic =       0.00000000 Ry
     FDE: non additive E_XC    =       0.00000000 Ry
     FDE: total energy         =      -7.74688970 Ry
     smearing contrib. (-TS)   =      -0.00045617 Ry

     convergence has been achieved in  11 iterations

     Writing output data file Si_FCC.save
     Writing data to file  Si_FCC_fde_rho.pp

     init_run     :      1.10s CPU      0.54s WALL (       1 calls)
     electrons    :     34.98s CPU     15.90s WALL (       1 calls)

     Called by init_run:
     wfcinit      :      1.02s CPU      0.47s WALL (       1 calls)
     potinit      :      0.02s CPU      0.02s WALL (       1 calls)

     Called by electrons:
     c_bands      :     31.51s CPU     13.39s WALL (      12 calls)
     sum_band     :      3.20s CPU      2.29s WALL (      12 calls)
     v_of_rho     :      0.25s CPU      0.21s WALL (      12 calls)
     mix_rho      :      0.01s CPU      0.01s WALL (      12 calls)

     Called by c_bands:
     init_us_2    :      0.58s CPU      0.28s WALL (    6500 calls)
     cegterg      :     30.80s CPU     13.10s WALL (    3120 calls)

     Called by *egterg:
     h_psi        :     27.09s CPU     11.20s WALL (    7907 calls)
     g_psi        :      0.13s CPU      0.06s WALL (    4527 calls)
     cdiaghg      :      3.39s CPU      1.81s WALL (    7387 calls)

     Called by h_psi:
     add_vuspsi   :      0.10s CPU      0.05s WALL (    7907 calls)

     General routines
     calbec       :      0.18s CPU      0.08s WALL (    7907 calls)
     fft          :      0.06s CPU      0.05s WALL (     165 calls)
     ffts         :      0.01s CPU      0.00s WALL (      24 calls)
     fftw         :     27.46s CPU     12.11s WALL (  105458 calls)
     interpolate  :      0.01s CPU      0.01s WALL (      24 calls)
     davcio       :      0.00s CPU      0.00s WALL (     260 calls)

     Parallel routines
     fft_scatter  :      3.51s CPU      1.61s WALL (  105842 calls)

     PWSCF        :     36.34s CPU     16.77s WALL (       1 calls)

   This run was terminated on:  12:41:55  12Oct2017            

=------------------------------------------------------------------------------=
   JOB DONE.
=------------------------------------------------------------------------------=
